<?xml version="1.0" encoding="UTF-8"?>
<!-- Generated by org.testng.reporters.JUnitXMLReporter -->
<testsuite ignored="0" hostname="andi" failures="0" tests="1" name="Surefire test" time="0.027" errors="0" timestamp="2021-08-09T15:50:37 EEST">
  <testcase classname="TestInit" name="@BeforeMethod setUp" time="0.003">
    <failure type="java.lang.NullPointerException">
      <![CDATA[java.lang.NullPointerException
at TestInit.setUp(TestInit.java:17)
at java.base/java.util.ArrayList.forEach(ArrayList.java:1541)
... Removed 36 stack frames]]>
    </failure>
  </testcase> <!-- @BeforeMethod setUp -->
  <testcase classname="TestInit" name="@AfterMethod quitDriver" time="-1.628513437947E9">
    <skipped/>
  </testcase> <!-- @AfterMethod quitDriver -->
  <testcase classname="TestSearch" name="testSearch" time="0.0">
    <skipped/>
  </testcase> <!-- testSearch -->
</testsuite> <!-- Surefire test -->
