-------------------------------------------------------------------------------
Test set: TestSearch
-------------------------------------------------------------------------------
Tests run: 3, Failures: 1, Errors: 0, Skipped: 2, Time elapsed: 0.193 s <<< FAILURE! - in TestSearch
TestSearch.setUp  Time elapsed: 0.118 s  <<< FAILURE!
java.lang.NullPointerException

