<?xml version="1.0" encoding="UTF-8"?>
<testng-results ignored="0" total="1" passed="1" failed="0" skipped="0">
  <reporter-output>
  </reporter-output>
  <suite started-at="2021-08-09T16:15:57 EEST" name="Suite1" finished-at="2021-08-09T16:15:59 EEST" duration-ms="2595">
    <groups>
    </groups>
    <test started-at="2021-08-09T16:15:57 EEST" name="test" finished-at="2021-08-09T16:15:59 EEST" duration-ms="2595">
      <class name="TestSearch">
        <test-method is-config="true" signature="setUp()[pri:0, instance:TestSearch@145eaa29]" started-at="2021-08-09T16:15:57 EEST" name="setUp" finished-at="2021-08-09T16:15:58 EEST" duration-ms="794" status="PASS">
          <reporter-output>
          </reporter-output>
        </test-method> <!-- setUp -->
        <test-method signature="testSearch()[pri:0, instance:TestSearch@145eaa29]" started-at="2021-08-09T16:15:58 EEST" name="testSearch" finished-at="2021-08-09T16:15:59 EEST" duration-ms="1713" status="PASS">
          <reporter-output>
          </reporter-output>
        </test-method> <!-- testSearch -->
        <test-method is-config="true" signature="quitDriver()[pri:0, instance:TestSearch@145eaa29]" started-at="2021-08-09T16:15:59 EEST" name="quitDriver" finished-at="2021-08-09T16:15:59 EEST" duration-ms="68" status="PASS">
          <reporter-output>
          </reporter-output>
        </test-method> <!-- quitDriver -->
      </class> <!-- TestSearch -->
    </test> <!-- test -->
  </suite> <!-- Suite1 -->
</testng-results>
